<?xml version="1.0" encoding="UTF-8"?>
<!-- Generated by org.testng.reporters.JUnitReportReporter -->
<testsuite hostname="DESKTOP-BHPSLKC" name="testNGOnePack.ScrollingToText" tests="1" failures="0" timestamp="26 Apr 2017 10:25:29 GMT" time="27.200" errors="0">
  <testcase name="ScrollToText" time="27.200" classname="testNGOnePack.ScrollingToText"/>
</testsuite> <!-- testNGOnePack.ScrollingToText -->
