<?xml version="1.0" encoding="UTF-8"?>
<!-- Generated by org.testng.reporters.JUnitReportReporter -->
<testsuite hostname="DESKTOP-BHPSLKC" name="testNGOnePack.driverSwipe" tests="2" failures="0" timestamp="26 Apr 2017 09:50:52 GMT" time="67.543" errors="0">
  <testcase name="swipingHorizontal" time="38.699" classname="testNGOnePack.driverSwipe"/>
  <testcase name="swipingVertical" time="28.844" classname="testNGOnePack.driverSwipe"/>
</testsuite> <!-- testNGOnePack.driverSwipe -->
