<?xml version="1.0" encoding="UTF-8"?>
<!-- Generated by org.testng.reporters.JUnitReportReporter -->
<testsuite hostname="DESKTOP-BHPSLKC" name="testNGOnePack.HandleAlert" tests="1" failures="0" timestamp="26 Apr 2017 11:07:47 GMT" time="30.292" errors="0">
  <testcase name="okOnAlert" time="30.292" classname="testNGOnePack.HandleAlert"/>
</testsuite> <!-- testNGOnePack.HandleAlert -->
