<?xml version="1.0" encoding="UTF-8"?>
<!-- Generated by org.testng.reporters.JUnitReportReporter -->
<testsuite hostname="DESKTOP-BHPSLKC" name="testNGOnePack.ControlSeekBar" tests="1" failures="0" timestamp="27 Apr 2017 03:18:23 GMT" time="107.145" errors="0">
  <testcase name="ScrollToView" time="107.145" classname="testNGOnePack.ControlSeekBar"/>
</testsuite> <!-- testNGOnePack.ControlSeekBar -->
