<?xml version="1.0" encoding="UTF-8"?>
<!-- Generated by org.testng.reporters.JUnitReportReporter -->
<testsuite hostname="DESKTOP-BHPSLKC" name="testNGOnePack.TypeInTextBox" tests="1" failures="0" timestamp="27 Apr 2017 06:47:52 GMT" time="35.911" errors="0">
  <testcase name="typeInText" time="35.911" classname="testNGOnePack.TypeInTextBox"/>
</testsuite> <!-- testNGOnePack.TypeInTextBox -->
