<?xml version="1.0" encoding="UTF-8"?>
<!-- Generated by org.testng.reporters.JUnitReportReporter -->
<testsuite hostname="DESKTOP-BHPSLKC" name="testNGOnePack.DialPad" tests="1" failures="0" timestamp="27 Apr 2017 07:40:10 GMT" time="15.208" errors="0">
  <testcase name="dial" time="15.208" classname="testNGOnePack.DialPad"/>
</testsuite> <!-- testNGOnePack.DialPad -->
