<?xml version="1.0" encoding="UTF-8"?>
<!-- Generated by org.testng.reporters.JUnitReportReporter -->
<testsuite hostname="DESKTOP-BHPSLKC" name="testNGOnePack.SelectingCheckBox" tests="1" failures="0" timestamp="27 Apr 2017 06:52:37 GMT" time="18.235" errors="0">
  <testcase name="select" time="18.235" classname="testNGOnePack.SelectingCheckBox"/>
</testsuite> <!-- testNGOnePack.SelectingCheckBox -->
