<?xml version="1.0" encoding="UTF-8"?>
<!-- Generated by org.testng.reporters.JUnitReportReporter -->
<testsuite hostname="DESKTOP-BHPSLKC" name="testNGOnePack.ScrollTabs" tests="1" failures="0" timestamp="26 Apr 2017 10:39:57 GMT" time="128.410" errors="0">
  <testcase name="ScrollToTab" time="128.410" classname="testNGOnePack.ScrollTabs"/>
</testsuite> <!-- testNGOnePack.ScrollTabs -->
