<?xml version="1.0" encoding="UTF-8"?>
<!-- Generated by org.testng.reporters.JUnitReportReporter -->
<testsuite hostname="DESKTOP-BHPSLKC" name="testNGOnePack.SwipeAction" tests="1" failures="0" timestamp="26 Apr 2017 10:08:50 GMT" time="84.387" errors="0">
  <testcase name="swipingHorizontal" time="84.387" classname="testNGOnePack.SwipeAction"/>
</testsuite> <!-- testNGOnePack.SwipeAction -->
