<?xml version="1.0" encoding="UTF-8"?>
<!-- Generated by org.testng.reporters.JUnitReportReporter -->
<testsuite hostname="DESKTOP-BHPSLKC" name="testNGOnePack.CaptureScreenShot" tests="1" failures="0" timestamp="26 Apr 2017 14:14:10 GMT" time="36.028" errors="0">
  <testcase name="ScrollToTab" time="36.028" classname="testNGOnePack.CaptureScreenShot"/>
</testsuite> <!-- testNGOnePack.CaptureScreenShot -->
