<?xml version="1.0" encoding="UTF-8"?>
<!-- Generated by org.testng.reporters.JUnitReportReporter -->
<testsuite hostname="DESKTOP-BHPSLKC" name="testNGOnePack.DragAndDropAction" tests="1" failures="0" timestamp="26 Apr 2017 09:12:26 GMT" time="27.634" errors="0">
  <testcase name="dragDrop" time="27.634" classname="testNGOnePack.DragAndDropAction"/>
</testsuite> <!-- testNGOnePack.DragAndDropAction -->
