<?xml version="1.0" encoding="UTF-8"?>
<!-- Generated by org.testng.reporters.JUnitReportReporter -->
<testsuite hostname="DESKTOP-BHPSLKC" name="testNGOnePack.ScreenOrientation" tests="1" failures="0" timestamp="27 Apr 2017 03:54:51 GMT" time="96.859" errors="0">
  <testcase name="performOrientation" time="96.859" classname="testNGOnePack.ScreenOrientation"/>
</testsuite> <!-- testNGOnePack.ScreenOrientation -->
