<?xml version="1.0" encoding="UTF-8"?>
<!-- Generated by org.testng.reporters.JUnitReportReporter -->
<testsuite hostname="DESKTOP-BHPSLKC" name="testNGOnePack.AppiumStartAndStop" tests="1" failures="0" timestamp="26 Apr 2017 15:30:44 GMT" time="7.565" errors="0">
  <testcase name="ScrollToTab" time="7.565" classname="testNGOnePack.AppiumStartAndStop"/>
</testsuite> <!-- testNGOnePack.AppiumStartAndStop -->
