<?xml version="1.0" encoding="UTF-8"?>
<!-- Generated by org.testng.reporters.JUnitReportReporter -->
<testsuite hostname="DESKTOP-BHPSLKC" name="testNGOnePack.TapOnSwitch" tests="1" failures="0" timestamp="27 Apr 2017 06:43:37 GMT" time="90.431" errors="0">
  <testcase name="tapSwitchOnOff" time="90.431" classname="testNGOnePack.TapOnSwitch"/>
</testsuite> <!-- testNGOnePack.TapOnSwitch -->
