<?xml version="1.0" encoding="UTF-8"?>
<!-- Generated by org.testng.reporters.JUnitReportReporter -->
<testsuite hostname="DESKTOP-BHPSLKC" name="testNGOnePack.ElementLocatorTest" tests="1" failures="0" timestamp="26 Apr 2017 08:36:01 GMT" time="20.208" errors="0">
  <testcase name="Sum" time="20.208" classname="testNGOnePack.ElementLocatorTest"/>
</testsuite> <!-- testNGOnePack.ElementLocatorTest -->
