<?xml version="1.0" encoding="UTF-8"?>
<!-- Generated by org.testng.reporters.JUnitReportReporter -->
<testsuite hostname="DESKTOP-BHPSLKC" name="testNGOnePack.SelectDropDownValue_HideKeyboard" tests="1" failures="0" timestamp="27 Apr 2017 07:08:07 GMT" time="24.175" errors="0">
  <testcase name="select" time="24.175" classname="testNGOnePack.SelectDropDownValue_HideKeyboard"/>
</testsuite> <!-- testNGOnePack.SelectDropDownValue_HideKeyboard -->
