<?xml version="1.0" encoding="UTF-8"?>
<!-- Generated by org.testng.reporters.JUnitReportReporter -->
<testsuite hostname="DESKTOP-BHPSLKC" name="testNGOnePack.Spinner" tests="1" failures="0" timestamp="26 Apr 2017 11:15:18 GMT" time="42.351" errors="0">
  <testcase name="selectPlanetValue" time="42.351" classname="testNGOnePack.Spinner"/>
</testsuite> <!-- testNGOnePack.Spinner -->
