<?xml version="1.0" encoding="UTF-8"?>
<!-- Generated by org.testng.reporters.JUnitReportReporter -->
<testsuite hostname="DESKTOP-BHPSLKC" name="testNGOnePack.SetStarRating" tests="2" failures="0" timestamp="27 Apr 2017 07:26:41 GMT" time="63.243" errors="0">
  <testcase name="set3StarRatingbar" time="43.227" classname="testNGOnePack.SetStarRating"/>
  <testcase name="set5StarRatingbar" time="20.016" classname="testNGOnePack.SetStarRating"/>
</testsuite> <!-- testNGOnePack.SetStarRating -->
