<?xml version="1.0" encoding="UTF-8"?>
<!-- Generated by org.testng.reporters.JUnitReportReporter -->
<testsuite hostname="DESKTOP-BHPSLKC" name="testNGOnePack.GetDropDownList" tests="1" failures="0" timestamp="27 Apr 2017 07:12:26 GMT" time="59.540" errors="0">
  <testcase name="select" time="59.540" classname="testNGOnePack.GetDropDownList"/>
</testsuite> <!-- testNGOnePack.GetDropDownList -->
