<?xml version="1.0" encoding="UTF-8"?>
<!-- Generated by org.testng.reporters.JUnitReportReporter -->
<testsuite hostname="DESKTOP-BHPSLKC" name="testNGOnePack.SetDate" tests="2" failures="0" timestamp="26 Apr 2017 11:27:58 GMT" time="78.239" errors="0">
  <testcase name="dateSet" time="47.702" classname="testNGOnePack.SetDate"/>
  <testcase name="timeSet" time="30.537" classname="testNGOnePack.SetDate"/>
</testsuite> <!-- testNGOnePack.SetDate -->
